<?xml version="1.0" encoding="UTF-8"?>
<!-- Generated by org.testng.reporters.JUnitReportReporter -->
<testsuite hostname="RG-L200315-1397" failures="1" tests="4" name="TestRunner.Test" time="14.892" errors="0" timestamp="2024-09-07T23:06:33 IST" skipped="0">
  <testcase classname="TestRunner.Test" name="runScenario" time="3.106"/>
  <testcase classname="TestRunner.Test" name="runScenario" time="3.175">
    <failure message="expected:&lt;[My Account]&gt; but was:&lt;[Account Login]&gt;" type="junit.framework.ComparisonFailure">
      <![CDATA[junit.framework.ComparisonFailure: expected:<[My Account]> but was:<[Account Login]>
at junit.framework.Assert.assertEquals(Assert.java:100)
at junit.framework.Assert.assertEquals(Assert.java:107)
at StepDefinition.Login_step.user_should_see_the(Login_step.java:147)
at ✽.user should see the "My Account"(file:///C:/Users/sravani/eclipse-workspace/Opencart_cucumber/./Features/Login_feature.feature:19)
]]>
    </failure>
  </testcase> <!-- runScenario -->
  <testcase classname="TestRunner.Test" name="runScenario" time="4.871"/>
  <testcase classname="TestRunner.Test" name="runScenario" time="3.740"/>
</testsuite> <!-- TestRunner.Test -->
